core_design_system/build/intermediates/manifest_merge_blame_file/debug/processDebugManifest/manifest-merger-blame-debug-report.txt
1<?xml version="1.0" encoding="utf-8"?>
2<manifest xmlns:android="http://schemas.android.com/apk/res/android"
3    package="com.android.sportsBookApp.core_design_system" >
4
5    <uses-sdk android:minSdkVersion="25" />
6
7    <application
7-->src/main/AndroidManifest.xml:4:5-9:11
8        android:icon="@mipmap/ic_launcher"
8-->src/main/AndroidManifest.xml:5:9-43
9        android:roundIcon="@mipmap/ic_launcher_round"
9-->src/main/AndroidManifest.xml:6:9-54
10        android:supportsRtl="true"
10-->src/main/AndroidManifest.xml:7:9-35
11        android:theme="@style/Theme.SportsBookApp" />
11-->src/main/AndroidManifest.xml:8:9-51
12
13</manifest>